<?xml version="1.0" encoding="UTF-8"?>
<!-- Generated by org.testng.reporters.JUnitReportReporter -->
<testsuite hostname="ADILs-MacBook-Pro.local" failures="0" tests="2" name="GetAPITest_BDD.ProductAPITest" time="1.992" errors="0" timestamp="2025-04-21T21:15:04 IST" skipped="0">
  <testcase classname="GetAPITest_BDD.ProductAPITest" name="getProductsTest" time="0.530"/>
  <system-out/>
  <testcase classname="GetAPITest_BDD.ProductAPITest" name="getProductCountTest" time="1.462"/>
  <system-out/>
</testsuite> <!-- GetAPITest_BDD.ProductAPITest -->
