<?xml version="1.0" encoding="UTF-8"?>
<!-- Generated by org.testng.reporters.JUnitReportReporter -->
<testsuite hostname="ADILs-MacBook-Pro.local" failures="0" tests="1" name="GetAPITest_BDD.GetUserWithQueryParameter" time="1.654" errors="0" timestamp="2025-04-20T17:18:54 IST" skipped="0">
  <testcase classname="GetAPITest_BDD.GetUserWithQueryParameter" name="getUsersTest" time="1.654"/>
  <system-out/>
</testsuite> <!-- GetAPITest_BDD.GetUserWithQueryParameter -->
