<?xml version="1.0" encoding="UTF-8"?>
<!-- Generated by org.testng.reporters.JUnitReportReporter -->
<testsuite hostname="ADILs-MacBook-Pro.local" failures="0" tests="2" name="GetAPITest_BDD.ContactAPITestLatest" time="4.548" errors="0" timestamp="2025-04-20T00:36:34 IST" skipped="0">
  <testcase classname="GetAPITest_BDD.ContactAPITestLatest" name="getContactsAPITest" time="1.774"/>
  <system-out/>
  <testcase classname="GetAPITest_BDD.ContactAPITestLatest" name="getContactsAPIAuthErrorTest" time="2.774"/>
  <system-out/>
</testsuite> <!-- GetAPITest_BDD.ContactAPITestLatest -->
