<?xml version="1.0" encoding="UTF-8"?>
<!-- Generated by org.testng.reporters.JUnitReportReporter -->
<testsuite hostname="ADILs-MacBook-Pro.local" failures="0" tests="3" name="GetAPITest_BDD.ContactsAPIsTest" time="8.094" errors="0" timestamp="2025-04-22T14:15:03 IST" skipped="0">
  <testcase classname="GetAPITest_BDD.ContactsAPIsTest" name="getContactsAPITest" time="2.316"/>
  <system-out/>
  <testcase classname="GetAPITest_BDD.ContactsAPIsTest" name="getContactsAPIInvalidTokenTest" time="1.732"/>
  <system-out/>
  <testcase classname="GetAPITest_BDD.ContactsAPIsTest" name="getContactsAPIAuthErrorTest" time="4.046"/>
  <system-out/>
</testsuite> <!-- GetAPITest_BDD.ContactsAPIsTest -->
