<?xml version="1.0" encoding="UTF-8"?>
<!-- Generated by org.testng.reporters.JUnitReportReporter -->
<testsuite hostname="ADILs-MacBook-Pro.local" failures="0" tests="4" name="GetAPITest_BDD.GetUserPostWithPathParam" time="4.849" errors="0" timestamp="2025-04-21T20:20:39 IST" skipped="0">
  <testcase classname="GetAPITest_BDD.GetUserPostWithPathParam" name="getUserUsingHashMapPathParamTest" time="0.139"/>
  <system-out/>
  <testcase classname="GetAPITest_BDD.GetUserPostWithPathParam" name="getUserPostWithPathParamTest" time="1.002"/>
  <system-out/>
  <testcase classname="GetAPITest_BDD.GetUserPostWithPathParam" name="getUserPostWithPathParamTest" time="2.447"/>
  <system-out/>
  <testcase classname="GetAPITest_BDD.GetUserPostWithPathParam" name="getUserPostWithPathParamTest" time="1.261"/>
  <system-out/>
</testsuite> <!-- GetAPITest_BDD.GetUserPostWithPathParam -->
