<?xml version="1.0" encoding="UTF-8"?>
<!-- Generated by org.testng.reporters.JUnitReportReporter -->
<testsuite hostname="ADILs-MacBook-Pro.local" failures="0" tests="1" name="POSTAPITest.CreateUserAPITest" time="2.339" errors="0" timestamp="2025-04-15T10:13:47 IST" skipped="0">
  <testcase classname="POSTAPITest.CreateUserAPITest" name="createUserWithJsonStringTest" time="2.339"/>
  <system-out/>
</testsuite> <!-- POSTAPITest.CreateUserAPITest -->
