<?xml version="1.0" encoding="UTF-8"?>
<!-- Generated by org.testng.reporters.JUnitReportReporter -->
<testsuite hostname="ADILs-MacBook-Pro.local" failures="0" tests="2" name="GetAPITest_BDD.GoRestApiTest" time="2.477" errors="0" timestamp="2025-04-20T11:27:13 IST" skipped="0">
  <testcase classname="GetAPITest_BDD.GoRestApiTest" name="getAllUsersTest" time="1.009"/>
  <system-out/>
  <testcase classname="GetAPITest_BDD.GoRestApiTest" name="getASingleUserTest" time="1.468"/>
  <system-out/>
</testsuite> <!-- GetAPITest_BDD.GoRestApiTest -->
