<?xml version="1.0" encoding="UTF-8"?>
<!-- Generated by org.testng.reporters.JUnitReportReporter -->
<testsuite hostname="ADILs-MacBook-Pro.local" failures="0" tests="1" name="GetAPITest_NonBDD.GetContactsAPITest" time="2.520" errors="0" timestamp="2025-04-15T09:50:32 IST" skipped="0">
  <testcase classname="GetAPITest_NonBDD.GetContactsAPITest" name="getContactsTest" time="2.520"/>
  <system-out/>
</testsuite> <!-- GetAPITest_NonBDD.GetContactsAPITest -->
